2024-08-24 15:30:29,338 -INFO -  flower.command -  - Visit me at http://0.0.0.0:5555
2024-08-24 15:30:29,395 -INFO -  flower.command -  - Broker: redis://redis:6379/0
2024-08-24 15:30:29,404 -INFO -  flower.command -  - Registered tasks: 
['celery.accumulate',
 'celery.backend_cleanup',
 'celery.chain',
 'celery.chord',
 'celery.chord_unlock',
 'celery.chunks',
 'celery.group',
 'celery.map',
 'celery.starmap',
 'tasks.tasks.add',
 'tasks.tasks.ten_seconds_task']
2024-08-24 15:30:29,565 -INFO -  kombu.mixins -  - Connected to redis://redis:6379/0
2024-08-24 15:30:30,606 -WARNING -  flower.inspector -  - Inspect method registered failed
2024-08-24 15:30:30,609 -WARNING -  flower.inspector -  - Inspect method scheduled failed
2024-08-24 15:30:30,611 -WARNING -  flower.inspector -  - Inspect method reserved failed
2024-08-24 15:30:30,612 -WARNING -  flower.inspector -  - Inspect method stats failed
2024-08-24 15:30:30,613 -WARNING -  flower.inspector -  - Inspect method revoked failed
2024-08-24 15:30:30,614 -WARNING -  flower.inspector -  - Inspect method active_queues failed
2024-08-24 15:30:30,614 -WARNING -  flower.inspector -  - Inspect method active failed
2024-08-24 15:30:30,614 -WARNING -  flower.inspector -  - Inspect method conf failed
